Started by user [8mha:////4JHwoOMJ88+pEPn0BLvhzQtprXFBt51gOP6nfkqc14FOAAAAlh+LCAAAAAAAAP9b85aBtbiIQTGjNKU4P08vOT+vOD8nVc83PyU1x6OyILUoJzMv2y+/JJUBAhiZGBgqihhk0NSjKDWzXb3RdlLBUSYGJk8GtpzUvPSSDB8G5tKinBIGIZ+sxLJE/ZzEvHT94JKizLx0a6BxUmjGOUNodHsLgAzOEgYu/dLi1CL9vNKcHACFIKlWvwAAAA==[0manonymous
ln -s builds/lastSuccessfulBuild /var/jenkins_home/jobs/Maven/lastSuccessful failed: 71 Protocol error
ln -s builds/lastStableBuild /var/jenkins_home/jobs/Maven/lastStable failed: 71 Protocol error
Building in workspace /var/jenkins_home/jobs/Maven/workspace
 > git rev-parse --is-inside-work-tree # timeout=10
Fetching changes from the remote Git repository
 > git config remote.origin.url https://github.com/jleetutorial/maven-project.git # timeout=10
Fetching upstream changes from https://github.com/jleetutorial/maven-project.git
 > git --version # timeout=10
 > git fetch --tags --progress https://github.com/jleetutorial/maven-project.git +refs/heads/*:refs/remotes/origin/*
 > git rev-parse refs/remotes/origin/master^{commit} # timeout=10
 > git rev-parse refs/remotes/origin/origin/master^{commit} # timeout=10
Checking out Revision 0caf6111d5ef4679bf818f99fa448a525566ee69 (refs/remotes/origin/master)
Commit message: "Merge pull request #14 from jleetutorial/jleetutorial-patch-1-1"
 > git config core.sparsecheckout # timeout=10
 > git checkout -f 0caf6111d5ef4679bf818f99fa448a525566ee69
 > git rev-list 0caf6111d5ef4679bf818f99fa448a525566ee69 # timeout=10
[workspace] $ /var/jenkins_home/tools/hudson.tasks.Maven_MavenInstallation/maven3/apache-maven-3.5.2/bin/mvn clean package
[INFO] Scanning for projects...
[8mha:////4OnLMTgCh8CxDuPC5l1EackuVmi+1Y5YP8bfPE/DZgBPAAAAYx+LCAAAAAAAAP9b85aBtbiIQSWjNKU4P0+vJLE4u1gvPjexLDVPzxdEhicW5WXmpfvll6S2fNly5fzGzauYGBgqihikoFqS8/OK83NS9ZwhNEghAwQwghQWAACwxA+XYgAAAA==[0m[WARNING] 
[8mha:////4OnLMTgCh8CxDuPC5l1EackuVmi+1Y5YP8bfPE/DZgBPAAAAYx+LCAAAAAAAAP9b85aBtbiIQSWjNKU4P0+vJLE4u1gvPjexLDVPzxdEhicW5WXmpfvll6S2fNly5fzGzauYGBgqihikoFqS8/OK83NS9ZwhNEghAwQwghQWAACwxA+XYgAAAA==[0m[WARNING] Some problems were encountered while building the effective model for com.example.maven-project:server:jar:1.0-SNAPSHOT
[8mha:////4OnLMTgCh8CxDuPC5l1EackuVmi+1Y5YP8bfPE/DZgBPAAAAYx+LCAAAAAAAAP9b85aBtbiIQSWjNKU4P0+vJLE4u1gvPjexLDVPzxdEhicW5WXmpfvll6S2fNly5fzGzauYGBgqihikoFqS8/OK83NS9ZwhNEghAwQwghQWAACwxA+XYgAAAA==[0m[WARNING] Reporting configuration should be done in <reporting> section, not in maven-site-plugin <configuration> as reportPlugins parameter.
[8mha:////4OnLMTgCh8CxDuPC5l1EackuVmi+1Y5YP8bfPE/DZgBPAAAAYx+LCAAAAAAAAP9b85aBtbiIQSWjNKU4P0+vJLE4u1gvPjexLDVPzxdEhicW5WXmpfvll6S2fNly5fzGzauYGBgqihikoFqS8/OK83NS9ZwhNEghAwQwghQWAACwxA+XYgAAAA==[0m[WARNING] 
[8mha:////4OnLMTgCh8CxDuPC5l1EackuVmi+1Y5YP8bfPE/DZgBPAAAAYx+LCAAAAAAAAP9b85aBtbiIQSWjNKU4P0+vJLE4u1gvPjexLDVPzxdEhicW5WXmpfvll6S2fNly5fzGzauYGBgqihikoFqS8/OK83NS9ZwhNEghAwQwghQWAACwxA+XYgAAAA==[0m[WARNING] Some problems were encountered while building the effective model for com.example.maven-project:webapp:war:1.0-SNAPSHOT
[8mha:////4OnLMTgCh8CxDuPC5l1EackuVmi+1Y5YP8bfPE/DZgBPAAAAYx+LCAAAAAAAAP9b85aBtbiIQSWjNKU4P0+vJLE4u1gvPjexLDVPzxdEhicW5WXmpfvll6S2fNly5fzGzauYGBgqihikoFqS8/OK83NS9ZwhNEghAwQwghQWAACwxA+XYgAAAA==[0m[WARNING] Reporting configuration should be done in <reporting> section, not in maven-site-plugin <configuration> as reportPlugins parameter.
[8mha:////4OnLMTgCh8CxDuPC5l1EackuVmi+1Y5YP8bfPE/DZgBPAAAAYx+LCAAAAAAAAP9b85aBtbiIQSWjNKU4P0+vJLE4u1gvPjexLDVPzxdEhicW5WXmpfvll6S2fNly5fzGzauYGBgqihikoFqS8/OK83NS9ZwhNEghAwQwghQWAACwxA+XYgAAAA==[0m[WARNING] 
[8mha:////4OnLMTgCh8CxDuPC5l1EackuVmi+1Y5YP8bfPE/DZgBPAAAAYx+LCAAAAAAAAP9b85aBtbiIQSWjNKU4P0+vJLE4u1gvPjexLDVPzxdEhicW5WXmpfvll6S2fNly5fzGzauYGBgqihikoFqS8/OK83NS9ZwhNEghAwQwghQWAACwxA+XYgAAAA==[0m[WARNING] Some problems were encountered while building the effective model for com.example.maven-project:maven-project:pom:1.0-SNAPSHOT
[8mha:////4OnLMTgCh8CxDuPC5l1EackuVmi+1Y5YP8bfPE/DZgBPAAAAYx+LCAAAAAAAAP9b85aBtbiIQSWjNKU4P0+vJLE4u1gvPjexLDVPzxdEhicW5WXmpfvll6S2fNly5fzGzauYGBgqihikoFqS8/OK83NS9ZwhNEghAwQwghQWAACwxA+XYgAAAA==[0m[WARNING] Reporting configuration should be done in <reporting> section, not in maven-site-plugin <configuration> as reportPlugins parameter. @ line 51, column 24
[8mha:////4OnLMTgCh8CxDuPC5l1EackuVmi+1Y5YP8bfPE/DZgBPAAAAYx+LCAAAAAAAAP9b85aBtbiIQSWjNKU4P0+vJLE4u1gvPjexLDVPzxdEhicW5WXmpfvll6S2fNly5fzGzauYGBgqihikoFqS8/OK83NS9ZwhNEghAwQwghQWAACwxA+XYgAAAA==[0m[WARNING] 
[8mha:////4OnLMTgCh8CxDuPC5l1EackuVmi+1Y5YP8bfPE/DZgBPAAAAYx+LCAAAAAAAAP9b85aBtbiIQSWjNKU4P0+vJLE4u1gvPjexLDVPzxdEhicW5WXmpfvll6S2fNly5fzGzauYGBgqihikoFqS8/OK83NS9ZwhNEghAwQwghQWAACwxA+XYgAAAA==[0m[WARNING] It is highly recommended to fix these problems because they threaten the stability of your build.
[8mha:////4OnLMTgCh8CxDuPC5l1EackuVmi+1Y5YP8bfPE/DZgBPAAAAYx+LCAAAAAAAAP9b85aBtbiIQSWjNKU4P0+vJLE4u1gvPjexLDVPzxdEhicW5WXmpfvll6S2fNly5fzGzauYGBgqihikoFqS8/OK83NS9ZwhNEghAwQwghQWAACwxA+XYgAAAA==[0m[WARNING] 
[8mha:////4OnLMTgCh8CxDuPC5l1EackuVmi+1Y5YP8bfPE/DZgBPAAAAYx+LCAAAAAAAAP9b85aBtbiIQSWjNKU4P0+vJLE4u1gvPjexLDVPzxdEhicW5WXmpfvll6S2fNly5fzGzauYGBgqihikoFqS8/OK83NS9ZwhNEghAwQwghQWAACwxA+XYgAAAA==[0m[WARNING] For this reason, future Maven versions might no longer support building such malformed projects.
[8mha:////4OnLMTgCh8CxDuPC5l1EackuVmi+1Y5YP8bfPE/DZgBPAAAAYx+LCAAAAAAAAP9b85aBtbiIQSWjNKU4P0+vJLE4u1gvPjexLDVPzxdEhicW5WXmpfvll6S2fNly5fzGzauYGBgqihikoFqS8/OK83NS9ZwhNEghAwQwghQWAACwxA+XYgAAAA==[0m[WARNING] 
[8mha:////4OnLMTgCh8CxDuPC5l1EackuVmi+1Y5YP8bfPE/DZgBPAAAAYx+LCAAAAAAAAP9b85aBtbiIQSWjNKU4P0+vJLE4u1gvPjexLDVPzxdEhicW5WXmpfvll6S2fNly5fzGzauYGBgqihikoFqS8/OK83NS9ZwhNEghAwQwghQWAACwxA+XYgAAAA==[0m[WARNING] The project com.example.maven-project:maven-project:pom:1.0-SNAPSHOT uses prerequisites which is only intended for maven-plugin projects but not for non maven-plugin projects. For such purposes you should use the maven-enforcer-plugin. See https://maven.apache.org/enforcer/enforcer-rules/requireMavenVersion.html
[INFO] ------------------------------------------------------------------------
[INFO] Reactor Build Order:
[INFO] 
[INFO] Maven Project
[INFO] Server
[INFO] Webapp
[INFO] 
[INFO] ------------------------------------------------------------------------
[INFO] Building Maven Project 1.0-SNAPSHOT
[INFO] ------------------------------------------------------------------------
[INFO] 
[8mha:////4DlvCcIBxcMObYNinlUODWUWEdIDO5khNxZc6VyLRS2PAAAAYB+LCAAAAAAAAP9b85aBtbiIQSmjNKU4P0+vJLE4u1gvPjexLDVPzxdEGvvmZ+X75ZekLlOVfvTjc8FPJgaGiiIGKaiG5Py84vycVD1nCA1SyAABjCCFBQCV27OjYAAAAA==[0m[INFO] --- maven-clean-plugin:2.5:clean (default-clean) @ maven-project ---
[INFO] 
[INFO] ------------------------------------------------------------------------
[INFO] Building Server 1.0-SNAPSHOT
[INFO] ------------------------------------------------------------------------
[INFO] 
[8mha:////4DlvCcIBxcMObYNinlUODWUWEdIDO5khNxZc6VyLRS2PAAAAYB+LCAAAAAAAAP9b85aBtbiIQSmjNKU4P0+vJLE4u1gvPjexLDVPzxdEGvvmZ+X75ZekLlOVfvTjc8FPJgaGiiIGKaiG5Py84vycVD1nCA1SyAABjCCFBQCV27OjYAAAAA==[0m[INFO] --- maven-clean-plugin:2.5:clean (default-clean) @ server ---
[INFO] Deleting /var/jenkins_home/jobs/Maven/workspace/server/target
[INFO] 
[8mha:////4DlvCcIBxcMObYNinlUODWUWEdIDO5khNxZc6VyLRS2PAAAAYB+LCAAAAAAAAP9b85aBtbiIQSmjNKU4P0+vJLE4u1gvPjexLDVPzxdEGvvmZ+X75ZekLlOVfvTjc8FPJgaGiiIGKaiG5Py84vycVD1nCA1SyAABjCCFBQCV27OjYAAAAA==[0m[INFO] --- maven-resources-plugin:2.5:resources (default-resources) @ server ---
[debug] execute contextualize
[INFO] Using 'utf-8' encoding to copy filtered resources.
[INFO] skip non existing resourceDirectory /var/jenkins_home/jobs/Maven/workspace/server/src/main/resources
[INFO] 
[8mha:////4DlvCcIBxcMObYNinlUODWUWEdIDO5khNxZc6VyLRS2PAAAAYB+LCAAAAAAAAP9b85aBtbiIQSmjNKU4P0+vJLE4u1gvPjexLDVPzxdEGvvmZ+X75ZekLlOVfvTjc8FPJgaGiiIGKaiG5Py84vycVD1nCA1SyAABjCCFBQCV27OjYAAAAA==[0m[INFO] --- maven-compiler-plugin:2.3.2:compile (default-compile) @ server ---
[INFO] Compiling 1 source file to /var/jenkins_home/jobs/Maven/workspace/server/target/classes
[INFO] 
[8mha:////4DlvCcIBxcMObYNinlUODWUWEdIDO5khNxZc6VyLRS2PAAAAYB+LCAAAAAAAAP9b85aBtbiIQSmjNKU4P0+vJLE4u1gvPjexLDVPzxdEGvvmZ+X75ZekLlOVfvTjc8FPJgaGiiIGKaiG5Py84vycVD1nCA1SyAABjCCFBQCV27OjYAAAAA==[0m[INFO] --- maven-resources-plugin:2.5:testResources (default-testResources) @ server ---
[debug] execute contextualize
[INFO] Using 'utf-8' encoding to copy filtered resources.
[INFO] skip non existing resourceDirectory /var/jenkins_home/jobs/Maven/workspace/server/src/test/resources
[INFO] 
[8mha:////4DlvCcIBxcMObYNinlUODWUWEdIDO5khNxZc6VyLRS2PAAAAYB+LCAAAAAAAAP9b85aBtbiIQSmjNKU4P0+vJLE4u1gvPjexLDVPzxdEGvvmZ+X75ZekLlOVfvTjc8FPJgaGiiIGKaiG5Py84vycVD1nCA1SyAABjCCFBQCV27OjYAAAAA==[0m[INFO] --- maven-compiler-plugin:2.3.2:testCompile (default-testCompile) @ server ---
[INFO] Compiling 1 source file to /var/jenkins_home/jobs/Maven/workspace/server/target/test-classes
[INFO] 
[8mha:////4DlvCcIBxcMObYNinlUODWUWEdIDO5khNxZc6VyLRS2PAAAAYB+LCAAAAAAAAP9b85aBtbiIQSmjNKU4P0+vJLE4u1gvPjexLDVPzxdEGvvmZ+X75ZekLlOVfvTjc8FPJgaGiiIGKaiG5Py84vycVD1nCA1SyAABjCCFBQCV27OjYAAAAA==[0m[INFO] --- maven-surefire-plugin:2.11:test (default-test) @ server ---
[INFO] Surefire report directory: /var/jenkins_home/jobs/Maven/workspace/server/target/surefire-reports

-------------------------------------------------------
 T E S T S
-------------------------------------------------------
Running com.example.TestGreeter
Tests run: 2, Failures: 0, Errors: 0, Skipped: 0, Time elapsed: 0.883 sec

Results :

Tests run: 2, Failures: 0, Errors: 0, Skipped: 0

[INFO] 
[8mha:////4DlvCcIBxcMObYNinlUODWUWEdIDO5khNxZc6VyLRS2PAAAAYB+LCAAAAAAAAP9b85aBtbiIQSmjNKU4P0+vJLE4u1gvPjexLDVPzxdEGvvmZ+X75ZekLlOVfvTjc8FPJgaGiiIGKaiG5Py84vycVD1nCA1SyAABjCCFBQCV27OjYAAAAA==[0m[INFO] --- maven-jar-plugin:2.4:jar (default-jar) @ server ---
[INFO] Building jar: /var/jenkins_home/jobs/Maven/workspace/server/target/server.jar
[INFO] 
[INFO] ------------------------------------------------------------------------
[INFO] Building Webapp 1.0-SNAPSHOT
[INFO] ------------------------------------------------------------------------
[INFO] 
[8mha:////4DlvCcIBxcMObYNinlUODWUWEdIDO5khNxZc6VyLRS2PAAAAYB+LCAAAAAAAAP9b85aBtbiIQSmjNKU4P0+vJLE4u1gvPjexLDVPzxdEGvvmZ+X75ZekLlOVfvTjc8FPJgaGiiIGKaiG5Py84vycVD1nCA1SyAABjCCFBQCV27OjYAAAAA==[0m[INFO] --- maven-clean-plugin:2.5:clean (default-clean) @ webapp ---
[INFO] Deleting /var/jenkins_home/jobs/Maven/workspace/webapp/target
[INFO] 
[8mha:////4DlvCcIBxcMObYNinlUODWUWEdIDO5khNxZc6VyLRS2PAAAAYB+LCAAAAAAAAP9b85aBtbiIQSmjNKU4P0+vJLE4u1gvPjexLDVPzxdEGvvmZ+X75ZekLlOVfvTjc8FPJgaGiiIGKaiG5Py84vycVD1nCA1SyAABjCCFBQCV27OjYAAAAA==[0m[INFO] --- maven-resources-plugin:2.5:resources (default-resources) @ webapp ---
[debug] execute contextualize
[INFO] Using 'utf-8' encoding to copy filtered resources.
[INFO] skip non existing resourceDirectory /var/jenkins_home/jobs/Maven/workspace/webapp/src/main/resources
[INFO] 
[8mha:////4DlvCcIBxcMObYNinlUODWUWEdIDO5khNxZc6VyLRS2PAAAAYB+LCAAAAAAAAP9b85aBtbiIQSmjNKU4P0+vJLE4u1gvPjexLDVPzxdEGvvmZ+X75ZekLlOVfvTjc8FPJgaGiiIGKaiG5Py84vycVD1nCA1SyAABjCCFBQCV27OjYAAAAA==[0m[INFO] --- maven-compiler-plugin:2.3.2:compile (default-compile) @ webapp ---
[INFO] No sources to compile
[INFO] 
[8mha:////4DlvCcIBxcMObYNinlUODWUWEdIDO5khNxZc6VyLRS2PAAAAYB+LCAAAAAAAAP9b85aBtbiIQSmjNKU4P0+vJLE4u1gvPjexLDVPzxdEGvvmZ+X75ZekLlOVfvTjc8FPJgaGiiIGKaiG5Py84vycVD1nCA1SyAABjCCFBQCV27OjYAAAAA==[0m[INFO] --- maven-resources-plugin:2.5:testResources (default-testResources) @ webapp ---
[debug] execute contextualize
[INFO] Using 'utf-8' encoding to copy filtered resources.
[INFO] skip non existing resourceDirectory /var/jenkins_home/jobs/Maven/workspace/webapp/src/test/resources
[INFO] 
[8mha:////4DlvCcIBxcMObYNinlUODWUWEdIDO5khNxZc6VyLRS2PAAAAYB+LCAAAAAAAAP9b85aBtbiIQSmjNKU4P0+vJLE4u1gvPjexLDVPzxdEGvvmZ+X75ZekLlOVfvTjc8FPJgaGiiIGKaiG5Py84vycVD1nCA1SyAABjCCFBQCV27OjYAAAAA==[0m[INFO] --- maven-compiler-plugin:2.3.2:testCompile (default-testCompile) @ webapp ---
[INFO] No sources to compile
[INFO] 
[8mha:////4DlvCcIBxcMObYNinlUODWUWEdIDO5khNxZc6VyLRS2PAAAAYB+LCAAAAAAAAP9b85aBtbiIQSmjNKU4P0+vJLE4u1gvPjexLDVPzxdEGvvmZ+X75ZekLlOVfvTjc8FPJgaGiiIGKaiG5Py84vycVD1nCA1SyAABjCCFBQCV27OjYAAAAA==[0m[INFO] --- maven-surefire-plugin:2.11:test (default-test) @ webapp ---
[INFO] No tests to run.
[INFO] Surefire report directory: /var/jenkins_home/jobs/Maven/workspace/webapp/target/surefire-reports

-------------------------------------------------------
 T E S T S
-------------------------------------------------------

Results :

Tests run: 0, Failures: 0, Errors: 0, Skipped: 0

[INFO] 
[8mha:////4DlvCcIBxcMObYNinlUODWUWEdIDO5khNxZc6VyLRS2PAAAAYB+LCAAAAAAAAP9b85aBtbiIQSmjNKU4P0+vJLE4u1gvPjexLDVPzxdEGvvmZ+X75ZekLlOVfvTjc8FPJgaGiiIGKaiG5Py84vycVD1nCA1SyAABjCCFBQCV27OjYAAAAA==[0m[INFO] --- maven-war-plugin:2.2:war (default-war) @ webapp ---
[INFO] Packaging webapp
[INFO] Assembling webapp [webapp] in [/var/jenkins_home/jobs/Maven/workspace/webapp/target/webapp]
[INFO] Processing war project
[INFO] Copying webapp resources [/var/jenkins_home/jobs/Maven/workspace/webapp/src/main/webapp]
[INFO] Webapp assembled in [204 msecs]
[INFO] Building war: /var/jenkins_home/jobs/Maven/workspace/webapp/target/webapp.war
[INFO] WEB-INF/web.xml already added, skipping
[INFO] ------------------------------------------------------------------------
[INFO] Reactor Summary:
[INFO] 
[INFO] Maven Project ...................................... SUCCESS [  0.470 s]
[INFO] Server ............................................. SUCCESS [  7.283 s]
[INFO] Webapp ............................................. SUCCESS [  1.511 s]
[INFO] ------------------------------------------------------------------------
[INFO] BUILD SUCCESS
[INFO] ------------------------------------------------------------------------
[INFO] Total time: 9.708 s
[INFO] Finished at: 2017-11-29T17:39:50Z
[INFO] Final Memory: 19M/60M
[INFO] ------------------------------------------------------------------------
[workspace] $ /bin/sh -xe /tmp/jenkins3347369009157609567.sh
+ python /usr/share/script/send.py
Traceback (most recent call last):
  File "/usr/share/script/send.py", line 14, in <module>
    jenkinsStream   = urlopen(jenkinsUrl)
  File "/usr/lib/python2.7/urllib.py", line 87, in urlopen
    return opener.open(url)
  File "/usr/lib/python2.7/urllib.py", line 213, in open
    return getattr(self, name)(url)
  File "/usr/lib/python2.7/urllib.py", line 350, in open_http
    h.endheaders(data)
  File "/usr/lib/python2.7/httplib.py", line 1038, in endheaders
    self._send_output(message_body)
  File "/usr/lib/python2.7/httplib.py", line 882, in _send_output
    self.send(msg)
  File "/usr/lib/python2.7/httplib.py", line 844, in send
    self.connect()
  File "/usr/lib/python2.7/httplib.py", line 821, in connect
    self.timeout, self.source_address)
  File "/usr/lib/python2.7/socket.py", line 575, in create_connection
    raise err
IOError: [Errno socket error] [Errno 111] Connection refused
Build step 'Execute shell' marked build as failure
Finished: FAILURE
